[debug] [2018-11-15T03:14:22.945Z] ----------------------------------------------------------------------
[debug] [2018-11-15T03:14:22.952Z] Command:       C:\Program Files\nodejs\node.exe C:\Users\Administrator\AppData\Roaming\npm\node_modules\firebase-tools\lib\bin\firebase.js serve
[debug] [2018-11-15T03:14:22.952Z] CLI Version:   6.1.0
[debug] [2018-11-15T03:14:22.952Z] Platform:      win32
[debug] [2018-11-15T03:14:22.952Z] Node Version:  v8.12.0
[debug] [2018-11-15T03:14:22.953Z] Time:          Thu Nov 15 2018 12:14:22 GMT+0900 (대한민국 표준시)
[debug] [2018-11-15T03:14:22.953Z] ----------------------------------------------------------------------
[debug] 
[debug] [2018-11-15T03:14:22.980Z] > command requires scopes: ["email","openid","https://www.googleapis.com/auth/cloudplatformprojects.readonly","https://www.googleapis.com/auth/firebase","https://www.googleapis.com/auth/cloud-platform"]
[debug] [2018-11-15T03:14:22.981Z] > authorizing via signed-in user
[debug] [2018-11-15T03:14:22.982Z] [iam] checking project skfro266-study for permissions ["firebase.projects.get"]
[debug] [2018-11-15T03:14:22.987Z] >>> HTTP REQUEST POST https://cloudresourcemanager.googleapis.com/v1/projects/skfro266-study:testIamPermissions  

[debug] [2018-11-15T03:14:24.313Z] <<< HTTP RESPONSE 200
[debug] [2018-11-15T03:14:24.318Z] >>> HTTP REQUEST GET https://cloudresourcemanager.googleapis.com/v1/projects/skfro266-study  
 
[debug] [2018-11-15T03:14:25.516Z] <<< HTTP RESPONSE 200
[info] 
[info] === Serving from 'D:\study'...
[info] 
[info] +  database: started on http://localhost:9000
[debug] [2018-11-15T03:14:25.576Z] >>> HTTP REQUEST GET https://mobilesdk-pa.googleapis.com/v1/projects/1073548376461/clients/_:getWebAppConfig  
 
[debug] [2018-11-15T03:14:26.521Z] <<< HTTP RESPONSE 200
[info] i  hosting: Serving hosting files from: public
[info] +  hosting: Local server: http://localhost:5000
[warn] !  database: WARNING: An illegal reflective access operation has occurred
WARNING: Illegal reflective access by io.netty.util.internal.ReflectionUtil (file:/C:/Users/Administrator/.cache/firebase/emulators/firebase-database-emulator-v3.5.0.jar) to field sun.nio.ch.SelectorImpl.selectedKeys
WARNING: Please consider reporting this to the maintainers of io.netty.util.internal.ReflectionUtil
WARNING: Use --illegal-access=warn to enable warnings of further illegal reflective access operations
WARNING: All illegal access operations will be denied in a future release
[warn] !  database: 

[debug] [2018-11-15T04:22:19.925Z] ----------------------------------------------------------------------
[debug] [2018-11-15T04:22:19.925Z] Command:       C:\Program Files\nodejs\node.exe C:\Users\Administrator\AppData\Roaming\npm\node_modules\firebase-tools\lib\bin\firebase.js serve
[debug] [2018-11-15T04:22:19.925Z] CLI Version:   6.1.0
[debug] [2018-11-15T04:22:19.925Z] Platform:      win32
[debug] [2018-11-15T04:22:19.925Z] Node Version:  v8.12.0
[debug] [2018-11-15T04:22:19.925Z] Time:          Thu Nov 15 2018 13:22:19 GMT+0900 (대한민국 표준시)
[debug] [2018-11-15T04:22:19.925Z] ----------------------------------------------------------------------
[debug] 
[debug] [2018-11-15T04:22:19.956Z] > command requires scopes: ["email","openid","https://www.googleapis.com/auth/cloudplatformprojects.readonly","https://www.googleapis.com/auth/firebase","https://www.googleapis.com/auth/cloud-platform"]
[debug] [2018-11-15T04:22:19.956Z] > authorizing via signed-in user
[debug] [2018-11-15T04:22:19.956Z] [iam] checking project skfro266-study for permissions ["firebase.projects.get"]
[debug] [2018-11-15T04:22:19.956Z] > refreshing access token with scopes: ["email","https://www.googleapis.com/auth/cloud-platform","https://www.googleapis.com/auth/cloudplatformprojects.readonly","https://www.googleapis.com/auth/firebase","openid"]
[debug] [2018-11-15T04:22:19.956Z] >>> HTTP REQUEST POST https://www.googleapis.com/oauth2/v3/token  
 <request body omitted>
[debug] [2018-11-15T04:22:20.408Z] <<< HTTP RESPONSE 200
[debug] [2018-11-15T04:22:20.424Z] >>> HTTP REQUEST POST https://cloudresourcemanager.googleapis.com/v1/projects/skfro266-study:testIamPermissions  

[debug] [2018-11-15T04:22:21.753Z] <<< HTTP RESPONSE 200
[debug] [2018-11-15T04:22:21.769Z] >>> HTTP REQUEST GET https://cloudresourcemanager.googleapis.com/v1/projects/skfro266-study  
 
[debug] [2018-11-15T04:22:22.924Z] <<< HTTP RESPONSE 200
[info] 
[info] === Serving from 'D:\study'...
[info] 
[info] +  database: started on http://localhost:9000
[debug] [2018-11-15T04:22:22.955Z] >>> HTTP REQUEST GET https://mobilesdk-pa.googleapis.com/v1/projects/1073548376461/clients/_:getWebAppConfig  
 
[debug] [2018-11-15T04:22:23.611Z] <<< HTTP RESPONSE 200
[info] i  hosting: Serving hosting files from: public
[info] +  hosting: Local server: http://localhost:5000
[warn] !  database: WARNING: An illegal reflective access operation has occurred
WARNING: Illegal reflective access by io.netty.util.internal.ReflectionUtil (file:/C:/Users/Administrator/.cache/firebase/emulators/firebase-database-emulator-v3.5.0.jar) to field sun.nio.ch.SelectorImpl.selectedKeys
WARNING: Please consider reporting this to the maintainers of io.netty.util.internal.ReflectionUtil
WARNING: Use --illegal-access=warn to enable warnings of further illegal reflective access operations
WARNING: All illegal access operations will be denied in a future release
[warn] !  database: 

